code/app/build/outputs/logs/manifest-merger-debug-report.txt
-- Merging decision tree log ---
manifest
ADDED from src/main/AndroidManifest.xml:2:1-140:12
	xmlns:android
		ADDED from src/main/AndroidManifest.xml:2:11-69
	package
		ADDED from src/main/AndroidManifest.xml:3:5-33
		INJECTED from src/main/AndroidManifest.xml
		INJECTED from src/main/AndroidManifest.xml
	android:versionName
		INJECTED from src/main/AndroidManifest.xml
		INJECTED from src/main/AndroidManifest.xml
	android:versionCode
		INJECTED from src/main/AndroidManifest.xml
		INJECTED from src/main/AndroidManifest.xml
uses-permission#android.permission.INTERNET
ADDED from src/main/AndroidManifest.xml:5:5-67
	android:name
		ADDED from src/main/AndroidManifest.xml:5:22-64
application
ADDED from src/main/AndroidManifest.xml:7:5-138:19
MERGED from [CyConnect:volley:unspecified] AndroidManifest.xml:9:5-20
MERGED from [com.android.support:appcompat-v7:23.1.0] AndroidManifest.xml:22:5-20
MERGED from [com.android.support:support-v4:23.1.0] AndroidManifest.xml:22:5-20
MERGED from [com.android.support:support-v4:23.1.0] AndroidManifest.xml:22:5-20
	android:label
		ADDED from src/main/AndroidManifest.xml:10:9-41
	android:allowBackup
		ADDED from src/main/AndroidManifest.xml:8:9-35
	android:icon
		ADDED from src/main/AndroidManifest.xml:9:9-43
	android:theme
		ADDED from src/main/AndroidManifest.xml:11:9-40
activity#group339.cyconnect.activities.MainActivity
ADDED from src/main/AndroidManifest.xml:12:9-20:20
	android:label
		ADDED from src/main/AndroidManifest.xml:14:13-45
	android:name
		ADDED from src/main/AndroidManifest.xml:13:13-70
intent-filter#android.intent.action.MAIN+android.intent.category.LAUNCHER
ADDED from src/main/AndroidManifest.xml:15:13-19:29
action#android.intent.action.MAIN
ADDED from src/main/AndroidManifest.xml:16:17-69
	android:name
		ADDED from src/main/AndroidManifest.xml:16:25-66
category#android.intent.category.LAUNCHER
ADDED from src/main/AndroidManifest.xml:18:17-77
	android:name
		ADDED from src/main/AndroidManifest.xml:18:27-74
activity#group339.cyconnect.activities.event.EventActivity
ADDED from src/main/AndroidManifest.xml:21:9-28:20
	android:label
		ADDED from src/main/AndroidManifest.xml:23:13-57
	android:parentActivityName
		ADDED from src/main/AndroidManifest.xml:24:13-84
	android:name
		ADDED from src/main/AndroidManifest.xml:22:13-77
meta-data#android.support.PARENT_ACTIVITY
ADDED from src/main/AndroidManifest.xml:25:13-27:78
	android:name
		ADDED from src/main/AndroidManifest.xml:26:17-63
	android:value
		ADDED from src/main/AndroidManifest.xml:27:17-75
activity#group339.cyconnect.activities.account.AccountActivity
ADDED from src/main/AndroidManifest.xml:30:9-37:20
	android:label
		ADDED from src/main/AndroidManifest.xml:32:13-59
	android:parentActivityName
		ADDED from src/main/AndroidManifest.xml:33:13-84
	android:name
		ADDED from src/main/AndroidManifest.xml:31:13-81
activity#group339.cyconnect.activities.book.BookActivity
ADDED from src/main/AndroidManifest.xml:38:9-45:20
	android:label
		ADDED from src/main/AndroidManifest.xml:40:13-56
	android:parentActivityName
		ADDED from src/main/AndroidManifest.xml:41:13-84
	android:name
		ADDED from src/main/AndroidManifest.xml:39:13-75
activity#group339.cyconnect.activities.group.GroupActivity
ADDED from src/main/AndroidManifest.xml:46:9-53:20
	android:label
		ADDED from src/main/AndroidManifest.xml:48:13-57
	android:parentActivityName
		ADDED from src/main/AndroidManifest.xml:49:13-84
	android:name
		ADDED from src/main/AndroidManifest.xml:47:13-77
activity#group339.cyconnect.activities.account.AccountNotificationsActivity
ADDED from src/main/AndroidManifest.xml:55:9-62:20
	android:label
		ADDED from src/main/AndroidManifest.xml:57:13-73
	android:parentActivityName
		ADDED from src/main/AndroidManifest.xml:58:13-95
	android:name
		ADDED from src/main/AndroidManifest.xml:56:13-94
activity#group339.cyconnect.activities.event.CreateEventActivity
ADDED from src/main/AndroidManifest.xml:63:9-70:20
	android:label
		ADDED from src/main/AndroidManifest.xml:65:13-64
	android:parentActivityName
		ADDED from src/main/AndroidManifest.xml:66:13-91
	android:name
		ADDED from src/main/AndroidManifest.xml:64:13-83
activity#group339.cyconnect.activities.group.CreateGroupActivity
ADDED from src/main/AndroidManifest.xml:71:9-78:20
	android:label
		ADDED from src/main/AndroidManifest.xml:73:13-66
	android:parentActivityName
		ADDED from src/main/AndroidManifest.xml:74:13-91
	android:name
		ADDED from src/main/AndroidManifest.xml:72:13-83
activity#group339.cyconnect.activities.book.CreateBookActivity
ADDED from src/main/AndroidManifest.xml:79:9-86:20
	android:label
		ADDED from src/main/AndroidManifest.xml:81:13-63
	android:parentActivityName
		ADDED from src/main/AndroidManifest.xml:82:13-89
	android:name
		ADDED from src/main/AndroidManifest.xml:80:13-81
activity#group339.cyconnect.activities.event.MyEventsActivity
ADDED from src/main/AndroidManifest.xml:87:9-94:20
	android:label
		ADDED from src/main/AndroidManifest.xml:89:13-61
	android:parentActivityName
		ADDED from src/main/AndroidManifest.xml:90:13-91
	android:name
		ADDED from src/main/AndroidManifest.xml:88:13-80
activity#group339.cyconnect.activities.event.ViewEventActivity
ADDED from src/main/AndroidManifest.xml:95:9-102:20
	android:label
		ADDED from src/main/AndroidManifest.xml:97:13-62
	android:parentActivityName
		ADDED from src/main/AndroidManifest.xml:98:13-91
	android:name
		ADDED from src/main/AndroidManifest.xml:96:13-81
activity#group339.cyconnect.activities.event.AllEventsActivity
ADDED from src/main/AndroidManifest.xml:103:9-110:20
	android:label
		ADDED from src/main/AndroidManifest.xml:105:13-62
	android:parentActivityName
		ADDED from src/main/AndroidManifest.xml:106:13-91
	android:name
		ADDED from src/main/AndroidManifest.xml:104:13-81
activity#group339.cyconnect.activities.book.AllBooksActivity
ADDED from src/main/AndroidManifest.xml:111:9-114:20
	android:label
		ADDED from src/main/AndroidManifest.xml:113:13-61
	android:name
		ADDED from src/main/AndroidManifest.xml:112:13-79
activity#group339.cyconnect.activities.group.AllGroupsActivity
ADDED from src/main/AndroidManifest.xml:115:9-118:20
	android:label
		ADDED from src/main/AndroidManifest.xml:117:13-62
	android:name
		ADDED from src/main/AndroidManifest.xml:116:13-81
activity#group339.cyconnect.activities.book.ViewBookActivity
ADDED from src/main/AndroidManifest.xml:119:9-122:20
	android:label
		ADDED from src/main/AndroidManifest.xml:121:13-61
	android:name
		ADDED from src/main/AndroidManifest.xml:120:13-79
activity#group339.cyconnect.activities.group.ViewGroupActivity
ADDED from src/main/AndroidManifest.xml:123:9-126:20
	android:label
		ADDED from src/main/AndroidManifest.xml:125:13-62
	android:name
		ADDED from src/main/AndroidManifest.xml:124:13-81
activity#group339.cyconnect.activities.group.ChatActivity
ADDED from src/main/AndroidManifest.xml:127:9-130:14
	android:label
		ADDED from src/main/AndroidManifest.xml:129:13-56
	android:name
		ADDED from src/main/AndroidManifest.xml:128:13-76
activity#group339.cyconnect.activities.group.MyGroupsActivity
ADDED from src/main/AndroidManifest.xml:131:3-134:20
	android:label
		ADDED from src/main/AndroidManifest.xml:133:13-61
	android:name
		ADDED from src/main/AndroidManifest.xml:132:13-80
activity#group339.cyconnect.activities.book.CommentActivity
ADDED from src/main/AndroidManifest.xml:135:9-136:52
	android:label
		ADDED from src/main/AndroidManifest.xml:136:9-40
	android:name
		ADDED from src/main/AndroidManifest.xml:135:19-84
uses-sdk
INJECTED from src/main/AndroidManifest.xml reason: use-sdk injection requested
MERGED from [CyConnect:volley:unspecified] AndroidManifest.xml:7:5-43
MERGED from [com.android.support:appcompat-v7:23.1.0] AndroidManifest.xml:20:5-43
MERGED from [com.android.support:support-v4:23.1.0] AndroidManifest.xml:20:5-43
MERGED from [com.android.support:support-v4:23.1.0] AndroidManifest.xml:20:5-43
	android:targetSdkVersion
		INJECTED from src/main/AndroidManifest.xml
		INJECTED from src/main/AndroidManifest.xml
	android:minSdkVersion
		INJECTED from src/main/AndroidManifest.xml
		INJECTED from src/main/AndroidManifest.xml